Using pre-set license
Built from '2022.3/staging' branch; Version is '2022.3.55f1 (9f374180d209) revision 10434369'; Using compiler version '192829333'; Build Type 'Release'
OS: 'Windows 10  (10.0.19045) 64bit Professional' Language: 'zh' Physical Memory: 32581 MB
BatchMode: 1, IsHumanControllingUs: 0, StartBugReporterOnCrash: 0, Is64bit: 1, IsPro: 1

COMMAND LINE ARGUMENTS:
E:\UnityEditor\2022.3.55f1\Editor\Unity.exe
-adb2
-batchMode
-noUpm
-name
AssetImportWorker1
-projectPath
E:/unitGame/mine
-logFile
Logs/AssetImportWorker1.log
-srvPort
62454
Successfully changed project path to: E:/unitGame/mine
E:/unitGame/mine
[UnityMemory] Configuration Parameters - Can be set up in boot.config
    "memorysetup-bucket-allocator-granularity=16"
    "memorysetup-bucket-allocator-bucket-count=8"
    "memorysetup-bucket-allocator-block-size=33554432"
    "memorysetup-bucket-allocator-block-count=8"
    "memorysetup-main-allocator-block-size=16777216"
    "memorysetup-thread-allocator-block-size=16777216"
    "memorysetup-gfx-main-allocator-block-size=16777216"
    "memorysetup-gfx-thread-allocator-block-size=16777216"
    "memorysetup-cache-allocator-block-size=4194304"
    "memorysetup-typetree-allocator-block-size=2097152"
    "memorysetup-profiler-bucket-allocator-granularity=16"
    "memorysetup-profiler-bucket-allocator-bucket-count=8"
    "memorysetup-profiler-bucket-allocator-block-size=33554432"
    "memorysetup-profiler-bucket-allocator-block-count=8"
    "memorysetup-profiler-allocator-block-size=16777216"
    "memorysetup-profiler-editor-allocator-block-size=1048576"
    "memorysetup-temp-allocator-size-main=16777216"
    "memorysetup-job-temp-allocator-block-size=2097152"
    "memorysetup-job-temp-allocator-block-size-background=1048576"
    "memorysetup-job-temp-allocator-reduction-small-platforms=262144"
    "memorysetup-allocator-temp-initial-block-size-main=262144"
    "memorysetup-allocator-temp-initial-block-size-worker=262144"
    "memorysetup-temp-allocator-size-background-worker=32768"
    "memorysetup-temp-allocator-size-job-worker=262144"
    "memorysetup-temp-allocator-size-preload-manager=33554432"
    "memorysetup-temp-allocator-size-nav-mesh-worker=65536"
    "memorysetup-temp-allocator-size-audio-worker=65536"
    "memorysetup-temp-allocator-size-cloud-worker=32768"
    "memorysetup-temp-allocator-size-gi-baking-worker=262144"
    "memorysetup-temp-allocator-size-gfx=262144"
Player connection [21932]  Target information:

Player connection [21932]  * "[IP] 26.26.26.1 [Port] 0 [Flags] 2 [Guid] 3205856249 [EditorId] 3205856249 [Version] 1048832 [Id] WindowsEditor(7,WIN-PN5KEFVJPRG) [Debug] 1 [PackageName] WindowsEditor [ProjectName] Editor" 

Player connection [21932]  * "[IP] 172.16.2.55 [Port] 0 [Flags] 2 [Guid] 3205856249 [EditorId] 3205856249 [Version] 1048832 [Id] WindowsEditor(7,WIN-PN5KEFVJPRG) [Debug] 1 [PackageName] WindowsEditor [ProjectName] Editor" 

Player connection [21932]  * "[IP] 26.123.182.39 [Port] 0 [Flags] 2 [Guid] 3205856249 [EditorId] 3205856249 [Version] 1048832 [Id] WindowsEditor(7,WIN-PN5KEFVJPRG) [Debug] 1 [PackageName] WindowsEditor [ProjectName] Editor" 

Player connection [21932]  * "[IP] 192.168.10.104 [Port] 0 [Flags] 2 [Guid] 3205856249 [EditorId] 3205856249 [Version] 1048832 [Id] WindowsEditor(7,WIN-PN5KEFVJPRG) [Debug] 1 [PackageName] WindowsEditor [ProjectName] Editor" 

Player connection [21932] Host joined multi-casting on [225.0.0.222:54997]...
Player connection [21932] Host joined alternative multi-casting on [225.0.0.222:34997]...
[PhysX] Initialized MultithreadedTaskDispatcher with 16 workers.
Refreshing native plugins compatible for Editor in 18.61 ms, found 5 plugins.
Preloading 0 native plugins for Editor in 0.00 ms.
Initialize engine version: 2022.3.55f1 (9f374180d209)
[Subsystems] Discovering subsystems at path E:/UnityEditor/2022.3.55f1/Editor/Data/Resources/UnitySubsystems
[Subsystems] Discovering subsystems at path E:/unitGame/mine/Assets
GfxDevice: creating device client; threaded=0; jobified=0
Direct3D:
    Version:  Direct3D 11.0 [level 11.1]
    Renderer: NVIDIA GeForce RTX 3070 (ID=0x2484)
    Vendor:   NVIDIA
    VRAM:     8018 MB
    Driver:   32.0.15.6636
Initialize mono
Mono path[0] = 'E:/UnityEditor/2022.3.55f1/Editor/Data/Managed'
Mono path[1] = 'E:/UnityEditor/2022.3.55f1/Editor/Data/MonoBleedingEdge/lib/mono/unityjit-win32'
Mono config path = 'E:/UnityEditor/2022.3.55f1/Editor/Data/MonoBleedingEdge/etc'
Using monoOptions --debugger-agent=transport=dt_socket,embedding=1,server=y,suspend=n,address=127.0.0.1:56172
Begin MonoManager ReloadAssembly
Registering precompiled unity dll's ...
Register platform support module: E:/UnityEditor/2022.3.55f1/Editor/Data/PlaybackEngines/AndroidPlayer/UnityEditor.Android.Extensions.dll
Register platform support module: E:/UnityEditor/2022.3.55f1/Editor/Data/PlaybackEngines/iOSSupport/UnityEditor.iOS.Extensions.dll
Register platform support module: E:/UnityEditor/2022.3.55f1/Editor/Data/PlaybackEngines/WindowsStandaloneSupport/UnityEditor.WindowsStandalone.Extensions.dll
Registered in 0.006335 seconds.
- Loaded All Assemblies, in  0.289 seconds
Native extension for WindowsStandalone target not found
[usbmuxd] Start listen thread
[usbmuxd] Listen thread started
Native extension for iOS target not found
Native extension for Android target not found
Android Extension - Scanning For ADB Devices 822 ms
Mono: successfully reloaded assembly
- Finished resetting the current domain, in  1.143 seconds
Domain Reload Profiling: 1432ms
	BeginReloadAssembly (80ms)
		ExecutionOrderSort (0ms)
		DisableScriptedObjects (0ms)
		BackupInstance (0ms)
		ReleaseScriptingObjects (0ms)
		CreateAndSetChildDomain (1ms)
	RebuildCommonClasses (24ms)
	RebuildNativeTypeToScriptingClass (9ms)
	initialDomainReloadingComplete (46ms)
	LoadAllAssembliesAndSetupDomain (130ms)
		LoadAssemblies (80ms)
		RebuildTransferFunctionScriptingTraits (0ms)
		AnalyzeDomain (127ms)
			TypeCache.Refresh (126ms)
				TypeCache.ScanAssembly (114ms)
			ScanForSourceGeneratedMonoScriptInfo (0ms)
			ResolveRequiredComponents (0ms)
	FinalizeReload (1143ms)
		ReleaseScriptCaches (0ms)
		RebuildScriptCaches (0ms)
		SetupLoadedEditorAssemblies (1104ms)
			LogAssemblyErrors (0ms)
			InitializePlatformSupportModulesInManaged (918ms)
			SetLoadedEditorAssemblies (4ms)
			RefreshPlugins (0ms)
			BeforeProcessingInitializeOnLoad (3ms)
			ProcessInitializeOnLoadAttributes (141ms)
			ProcessInitializeOnLoadMethodAttributes (38ms)
			AfterProcessingInitializeOnLoad (0ms)
			EditorAssembliesLoaded (0ms)
		ExecutionOrderSort2 (0ms)
		AwakeInstancesAfterBackupRestoration (0ms)
========================================================================
Worker process is ready to serve import requests
Caller must complete domain reload
0x00007ff6cf69238d (Unity) StackWalker::GetCurrentCallstack
0x00007ff6cf697469 (Unity) StackWalker::ShowCallstack
0x00007ff6d068a8c1 (Unity) GetStacktrace
0x00007ff6d0d46b6e (Unity) DebugStringToFile
0x00007ff6d0d468aa (Unity) AssertImplementation
0x00007ff6d052782c (Unity) Internal_ADB_WorkerOnly_DomainReload
0x00007ff6d0a0f7d4 (Unity) WorkerDomainReloadV2
0x00007ff6d0a303ff (Unity) <lambda_943be6b2c5671afd01d59371cf3ef730>::operator()
0x00007ff6d0a6c212 (Unity) asio::detail::completion_handler<core::mutable_function<void __cdecl(void)>,asio::io_context::basic_executor_type<std::allocator<void>,0> >::do_complete
0x00007ff6d0a581be (Unity) asio::detail::win_iocp_io_context::do_one
0x00007ff6d0a59dee (Unity) asio::detail::win_iocp_io_context::run
0x00007ff6d0a6a5bc (Unity) IOService::Run
0x00007ff6d0a3da1f (Unity) AssetImportWorkerClient::Run
0x00007ff6d0a09387 (Unity) RunAssetImportWorkerClientV2
0x00007ff6d0a0940b (Unity) RunAssetImporterV2
0x00007ff6d02004be (Unity) Application::InitializeProject
0x00007ff6d0695565 (Unity) WinMain
0x00007ff6d1a6003e (Unity) __scrt_common_main_seh
0x00007ff9fe1c7374 (KERNEL32) BaseThreadInitThunk
0x00007ff9ff5dcc91 (ntdll) RtlUserThreadStart

Begin MonoManager ReloadAssembly
Duplicate assembly 'Newtonsoft.Json.dll' with different versions detected, using 'Assets/Plugins/Newtonsoft.Json.dll, AssemblyName=Newtonsoft.Json, Version=13.0.0.0, Culture=neutral, PublicKeyToken=30ad4fe6b2a6aeed' and ignoring 'Packages/jillejr.newtonsoft.json-for-unity/Plugins/Newtonsoft.Json Editor/Newtonsoft.Json.dll, AssemblyName=Newtonsoft.Json, Version=10.0.0.0, Culture=neutral, PublicKeyToken=30ad4fe6b2a6aeed'.- Loaded All Assemblies, in  0.692 seconds
Native extension for WindowsStandalone target not found
Native extension for iOS target not found
Native extension for Android target not found
Mono: successfully reloaded assembly
Package Manager log level set to [2]
[Package Manager] Server::EnsureServerProcessIsRunning -- launch failed, reason: Unity was launched with the -noUpm command-line argument
[Package Manager] UpmClient::Send -- Unable to send message (not connected to UPM process).
[Package Manager] Cannot connect to Unity Package Manager local server
[Package Manager] Server::EnsureServerProcessIsRunning -- launch failed, reason: Unity was launched with the -noUpm command-line argument
[Package Manager] UpmClient::Send -- Unable to send message (not connected to UPM process).
[Package Manager] Cannot connect to Unity Package Manager local server
- Finished resetting the current domain, in  0.926 seconds
Domain Reload Profiling: 1617ms
	BeginReloadAssembly (157ms)
		ExecutionOrderSort (0ms)
		DisableScriptedObjects (5ms)
		BackupInstance (0ms)
		ReleaseScriptingObjects (0ms)
		CreateAndSetChildDomain (20ms)
	RebuildCommonClasses (26ms)
	RebuildNativeTypeToScriptingClass (8ms)
	initialDomainReloadingComplete (51ms)
	LoadAllAssembliesAndSetupDomain (449ms)
		LoadAssemblies (343ms)
		RebuildTransferFunctionScriptingTraits (0ms)
		AnalyzeDomain (185ms)
			TypeCache.Refresh (155ms)
				TypeCache.ScanAssembly (140ms)
			ScanForSourceGeneratedMonoScriptInfo (22ms)
			ResolveRequiredComponents (6ms)
	FinalizeReload (926ms)
		ReleaseScriptCaches (0ms)
		RebuildScriptCaches (0ms)
		SetupLoadedEditorAssemblies (792ms)
			LogAssemblyErrors (0ms)
			InitializePlatformSupportModulesInManaged (19ms)
			SetLoadedEditorAssemblies (4ms)
			RefreshPlugins (0ms)
			BeforeProcessingInitializeOnLoad (56ms)
			ProcessInitializeOnLoadAttributes (686ms)
			ProcessInitializeOnLoadMethodAttributes (26ms)
			AfterProcessingInitializeOnLoad (2ms)
			EditorAssembliesLoaded (0ms)
		ExecutionOrderSort2 (0ms)
		AwakeInstancesAfterBackupRestoration (6ms)
Launched and connected shader compiler UnityShaderCompiler.exe after 0.03 seconds
Refreshing native plugins compatible for Editor in 7.54 ms, found 5 plugins.
Preloading 0 native plugins for Editor in 0.00 ms.
Unloading 4891 Unused Serialized files (Serialized files now loaded: 0)
Unloading 39 unused Assets / (58.9 KB). Loaded Objects now: 5378.
Memory consumption went from 165.9 MB to 165.9 MB.
Total: 2.933100 ms (FindLiveObjects: 0.190800 ms CreateObjectMapping: 0.100300 ms MarkObjects: 2.551800 ms  DeleteObjects: 0.089300 ms)

AssetImportParameters requested are different than current active one (requested -> active):
  custom:container-demuxer-ogg: 62fdf1f143b41e24485cea50d1cbac27 -> 
  custom:video-decoder-ogg-theora: a1e56fd34408186e4bbccfd4996cb3dc -> 
  custom:framework-win-MediaFoundation: 216162199b28c13a410421893ffa2e32 -> 
  custom:CustomObjectIndexerAttribute: 9a22284fe3817be447336de3de66b15e -> 
  custom:container-demuxer-webm: 4f35f7cbe854078d1ac9338744f61a02 -> 
  custom:container-muxer-webm: aa71ff27fc2769a1b78a27578f13a17b -> 
  custom:video-decoder-webm-vp8: 9c59270c3fd7afecdb556c50c9e8de78 -> 
  custom:SearchIndexIgnoredProperties: e643bd26f0fe6173181afceb89e7c659 -> 
  custom:AudioImporter_EditorPlatform: d09bf68614088b80899f8185d706f6e7 -> 
  custom:video-encoder-webm-vp8: eb34c28f22e8b96e1ab97ce403110664 -> 
  custom:audio-decoder-ogg-vorbis: bf7c407c2cedff20999df2af8eb42d56 -> 
  custom:audio-encoder-webm-vorbis: bf7c407c2cedff20999df2af8eb42d56 -> 
========================================================================
Received Prepare
Caller must complete domain reload
0x00007ff6cf69238d (Unity) StackWalker::GetCurrentCallstack
0x00007ff6cf697469 (Unity) StackWalker::ShowCallstack
0x00007ff6d068a8c1 (Unity) GetStacktrace
0x00007ff6d0d46b6e (Unity) DebugStringToFile
0x00007ff6d0d468aa (Unity) AssertImplementation
0x00007ff6d052782c (Unity) Internal_ADB_WorkerOnly_DomainReload
0x00007ff6d0a0f7d4 (Unity) WorkerDomainReloadV2
0x00007ff6d0a309e5 (Unity) <lambda_b37b41f03089e3cb3f55061bbc93253d>::operator()
0x00007ff6d0a6c212 (Unity) asio::detail::completion_handler<core::mutable_function<void __cdecl(void)>,asio::io_context::basic_executor_type<std::allocator<void>,0> >::do_complete
0x00007ff6d0a581be (Unity) asio::detail::win_iocp_io_context::do_one
0x00007ff6d0a59e24 (Unity) asio::detail::win_iocp_io_context::run
0x00007ff6d0a6a5bc (Unity) IOService::Run
0x00007ff6d0a3da1f (Unity) AssetImportWorkerClient::Run
0x00007ff6d0a09387 (Unity) RunAssetImportWorkerClientV2
0x00007ff6d0a0940b (Unity) RunAssetImporterV2
0x00007ff6d02004be (Unity) Application::InitializeProject
0x00007ff6d0695565 (Unity) WinMain
0x00007ff6d1a6003e (Unity) __scrt_common_main_seh
0x00007ff9fe1c7374 (KERNEL32) BaseThreadInitThunk
0x00007ff9ff5dcc91 (ntdll) RtlUserThreadStart

Begin MonoManager ReloadAssembly
Duplicate assembly 'Newtonsoft.Json.dll' with different versions detected, using 'Assets/Plugins/Newtonsoft.Json.dll, AssemblyName=Newtonsoft.Json, Version=13.0.0.0, Culture=neutral, PublicKeyToken=30ad4fe6b2a6aeed' and ignoring 'Packages/jillejr.newtonsoft.json-for-unity/Plugins/Newtonsoft.Json Editor/Newtonsoft.Json.dll, AssemblyName=Newtonsoft.Json, Version=10.0.0.0, Culture=neutral, PublicKeyToken=30ad4fe6b2a6aeed'.- Loaded All Assemblies, in  0.506 seconds
Native extension for WindowsStandalone target not found
Native extension for iOS target not found
Native extension for Android target not found
Mono: successfully reloaded assembly
[Package Manager] Server::EnsureServerProcessIsRunning -- launch failed, reason: Unity was launched with the -noUpm command-line argument
[Package Manager] UpmClient::Send -- Unable to send message (not connected to UPM process).
[Package Manager] Cannot connect to Unity Package Manager local server
- Finished resetting the current domain, in  0.602 seconds
Domain Reload Profiling: 1109ms
	BeginReloadAssembly (279ms)
		ExecutionOrderSort (0ms)
		DisableScriptedObjects (175ms)
		BackupInstance (0ms)
		ReleaseScriptingObjects (0ms)
		CreateAndSetChildDomain (30ms)
	RebuildCommonClasses (23ms)
	RebuildNativeTypeToScriptingClass (7ms)
	initialDomainReloadingComplete (17ms)
	LoadAllAssembliesAndSetupDomain (180ms)
		LoadAssemblies (207ms)
		RebuildTransferFunctionScriptingTraits (0ms)
		AnalyzeDomain (25ms)
			TypeCache.Refresh (11ms)
				TypeCache.ScanAssembly (3ms)
			ScanForSourceGeneratedMonoScriptInfo (8ms)
			ResolveRequiredComponents (7ms)
	FinalizeReload (603ms)
		ReleaseScriptCaches (0ms)
		RebuildScriptCaches (0ms)
		SetupLoadedEditorAssemblies (488ms)
			LogAssemblyErrors (0ms)
			InitializePlatformSupportModulesInManaged (20ms)
			SetLoadedEditorAssemblies (2ms)
			RefreshPlugins (0ms)
			BeforeProcessingInitializeOnLoad (50ms)
			ProcessInitializeOnLoadAttributes (391ms)
			ProcessInitializeOnLoadMethodAttributes (23ms)
			AfterProcessingInitializeOnLoad (1ms)
			EditorAssembliesLoaded (0ms)
		ExecutionOrderSort2 (0ms)
		AwakeInstancesAfterBackupRestoration (9ms)
Refreshing native plugins compatible for Editor in 8.17 ms, found 5 plugins.
Preloading 0 native plugins for Editor in 0.00 ms.
Unloading 4866 Unused Serialized files (Serialized files now loaded: 0)
Unloading 26 unused Assets / (32.7 KB). Loaded Objects now: 5383.
Memory consumption went from 160.8 MB to 160.7 MB.
Total: 2.562000 ms (FindLiveObjects: 0.242000 ms CreateObjectMapping: 0.102100 ms MarkObjects: 2.181300 ms  DeleteObjects: 0.035500 ms)

Prepare: number of updated asset objects reloaded= 0
AssetImportParameters requested are different than current active one (requested -> active):
  custom:scripting/monoscript/fileName/BattleArea.cs: f4b1d97100678ff11f125eed209c5694 -> 
  custom:container-demuxer-ogg: 62fdf1f143b41e24485cea50d1cbac27 -> 
  custom:video-decoder-ogg-theora: a1e56fd34408186e4bbccfd4996cb3dc -> 
  custom:framework-win-MediaFoundation: 216162199b28c13a410421893ffa2e32 -> 
  custom:CustomObjectIndexerAttribute: 9a22284fe3817be447336de3de66b15e -> 
  custom:container-demuxer-webm: 4f35f7cbe854078d1ac9338744f61a02 -> 
  custom:container-muxer-webm: aa71ff27fc2769a1b78a27578f13a17b -> 
  custom:video-decoder-webm-vp8: 9c59270c3fd7afecdb556c50c9e8de78 -> 
  custom:SearchIndexIgnoredProperties: e643bd26f0fe6173181afceb89e7c659 -> 
  custom:AudioImporter_EditorPlatform: d09bf68614088b80899f8185d706f6e7 -> 
  custom:video-encoder-webm-vp8: eb34c28f22e8b96e1ab97ce403110664 -> 
  custom:audio-decoder-ogg-vorbis: bf7c407c2cedff20999df2af8eb42d56 -> 
  custom:audio-encoder-webm-vorbis: bf7c407c2cedff20999df2af8eb42d56 -> 
  custom:scripting/precompiled-assembly-types:Assembly-CSharp: 2d6f3a43d7c9280bfe1eebae98b4a8ae -> d51e5d31e13b4eb91ce062837d922ef9
========================================================================
Received Import Request.
  Time since last request: 14559.170671 seconds.
  path: Assets/Script/Pojo/BattleArea.cs
  artifactKey: Guid(e8cf057c15d2ebd4cbdcf5ab9f5da260) Importer(815301076,1909f56bfc062723c751e8b465ee728b)
Start importing Assets/Script/Pojo/BattleArea.cs using Guid(e8cf057c15d2ebd4cbdcf5ab9f5da260) Importer(815301076,1909f56bfc062723c751e8b465ee728b) [PhysX] Initialized MultithreadedTaskDispatcher with 16 workers.
 -> (artifact id: '7fb0c3dd58e0ea59e3a478f42cc7656c') in 0.001522 seconds
Number of updated asset objects reloaded before import = 0
Number of asset objects unloaded after import = 0
========================================================================
Received Prepare
Caller must complete domain reload
0x00007ff6cf69238d (Unity) StackWalker::GetCurrentCallstack
0x00007ff6cf697469 (Unity) StackWalker::ShowCallstack
0x00007ff6d068a8c1 (Unity) GetStacktrace
0x00007ff6d0d46b6e (Unity) DebugStringToFile
0x00007ff6d0d468aa (Unity) AssertImplementation
0x00007ff6d052782c (Unity) Internal_ADB_WorkerOnly_DomainReload
0x00007ff6d0a0f7d4 (Unity) WorkerDomainReloadV2
0x00007ff6d0a309e5 (Unity) <lambda_b37b41f03089e3cb3f55061bbc93253d>::operator()
0x00007ff6d0a6c212 (Unity) asio::detail::completion_handler<core::mutable_function<void __cdecl(void)>,asio::io_context::basic_executor_type<std::allocator<void>,0> >::do_complete
0x00007ff6d0a581be (Unity) asio::detail::win_iocp_io_context::do_one
0x00007ff6d0a59e24 (Unity) asio::detail::win_iocp_io_context::run
0x00007ff6d0a6a5bc (Unity) IOService::Run
0x00007ff6d0a3da1f (Unity) AssetImportWorkerClient::Run
0x00007ff6d0a09387 (Unity) RunAssetImportWorkerClientV2
0x00007ff6d0a0940b (Unity) RunAssetImporterV2
0x00007ff6d02004be (Unity) Application::InitializeProject
0x00007ff6d0695565 (Unity) WinMain
0x00007ff6d1a6003e (Unity) __scrt_common_main_seh
0x00007ff9fe1c7374 (KERNEL32) BaseThreadInitThunk
0x00007ff9ff5dcc91 (ntdll) RtlUserThreadStart

Begin MonoManager ReloadAssembly
Duplicate assembly 'Newtonsoft.Json.dll' with different versions detected, using 'Assets/Plugins/Newtonsoft.Json.dll, AssemblyName=Newtonsoft.Json, Version=13.0.0.0, Culture=neutral, PublicKeyToken=30ad4fe6b2a6aeed' and ignoring 'Packages/jillejr.newtonsoft.json-for-unity/Plugins/Newtonsoft.Json Editor/Newtonsoft.Json.dll, AssemblyName=Newtonsoft.Json, Version=10.0.0.0, Culture=neutral, PublicKeyToken=30ad4fe6b2a6aeed'.- Loaded All Assemblies, in  0.338 seconds
Native extension for WindowsStandalone target not found
Native extension for iOS target not found
Native extension for Android target not found
Mono: successfully reloaded assembly
[Package Manager] Server::EnsureServerProcessIsRunning -- launch failed, reason: Unity was launched with the -noUpm command-line argument
[Package Manager] UpmClient::Send -- Unable to send message (not connected to UPM process).
[Package Manager] Cannot connect to Unity Package Manager local server
- Finished resetting the current domain, in  0.934 seconds
Domain Reload Profiling: 1272ms
	BeginReloadAssembly (107ms)
		ExecutionOrderSort (0ms)
		DisableScriptedObjects (10ms)
		BackupInstance (0ms)
		ReleaseScriptingObjects (0ms)
		CreateAndSetChildDomain (25ms)
	RebuildCommonClasses (21ms)
	RebuildNativeTypeToScriptingClass (7ms)
	initialDomainReloadingComplete (19ms)
	LoadAllAssembliesAndSetupDomain (183ms)
		LoadAssemblies (202ms)
		RebuildTransferFunctionScriptingTraits (0ms)
		AnalyzeDomain (31ms)
			TypeCache.Refresh (9ms)
				TypeCache.ScanAssembly (2ms)
			ScanForSourceGeneratedMonoScriptInfo (9ms)
			ResolveRequiredComponents (12ms)
	FinalizeReload (934ms)
		ReleaseScriptCaches (0ms)
		RebuildScriptCaches (0ms)
		SetupLoadedEditorAssemblies (528ms)
			LogAssemblyErrors (0ms)
			InitializePlatformSupportModulesInManaged (30ms)
			SetLoadedEditorAssemblies (4ms)
			RefreshPlugins (0ms)
			BeforeProcessingInitializeOnLoad (68ms)
			ProcessInitializeOnLoadAttributes (402ms)
			ProcessInitializeOnLoadMethodAttributes (21ms)
			AfterProcessingInitializeOnLoad (2ms)
			EditorAssembliesLoaded (0ms)
		ExecutionOrderSort2 (0ms)
		AwakeInstancesAfterBackupRestoration (10ms)
Refreshing native plugins compatible for Editor in 7.33 ms, found 5 plugins.
Preloading 0 native plugins for Editor in 0.00 ms.
Unloading 4865 Unused Serialized files (Serialized files now loaded: 0)
Unloading 26 unused Assets / (32.7 KB). Loaded Objects now: 5387.
Memory consumption went from 160.5 MB to 160.5 MB.
Total: 2.632600 ms (FindLiveObjects: 0.184900 ms CreateObjectMapping: 0.116400 ms MarkObjects: 2.295300 ms  DeleteObjects: 0.035400 ms)

Prepare: number of updated asset objects reloaded= 0
AssetImportParameters requested are different than current active one (requested -> active):
  custom:scripting/monoscript/fileName/BattleArea.cs: eae37fa9d35c8b7d6c882f93f1d2150c -> 
  custom:container-demuxer-ogg: 62fdf1f143b41e24485cea50d1cbac27 -> 
  custom:video-decoder-ogg-theora: a1e56fd34408186e4bbccfd4996cb3dc -> 
  custom:framework-win-MediaFoundation: 216162199b28c13a410421893ffa2e32 -> 
  custom:CustomObjectIndexerAttribute: 9a22284fe3817be447336de3de66b15e -> 
  custom:container-demuxer-webm: 4f35f7cbe854078d1ac9338744f61a02 -> 
  custom:container-muxer-webm: aa71ff27fc2769a1b78a27578f13a17b -> 
  custom:video-decoder-webm-vp8: 9c59270c3fd7afecdb556c50c9e8de78 -> 
  custom:SearchIndexIgnoredProperties: e643bd26f0fe6173181afceb89e7c659 -> 
  custom:AudioImporter_EditorPlatform: d09bf68614088b80899f8185d706f6e7 -> 
  custom:video-encoder-webm-vp8: eb34c28f22e8b96e1ab97ce403110664 -> 
  custom:audio-decoder-ogg-vorbis: bf7c407c2cedff20999df2af8eb42d56 -> 
  custom:audio-encoder-webm-vorbis: bf7c407c2cedff20999df2af8eb42d56 -> 
  custom:scripting/precompiled-assembly-types:Assembly-CSharp: abf185a9103cbe8bc866b257c840edaf -> d51e5d31e13b4eb91ce062837d922ef9
========================================================================
Received Prepare
Caller must complete domain reload
0x00007ff6cf69238d (Unity) StackWalker::GetCurrentCallstack
0x00007ff6cf697469 (Unity) StackWalker::ShowCallstack
0x00007ff6d068a8c1 (Unity) GetStacktrace
0x00007ff6d0d46b6e (Unity) DebugStringToFile
0x00007ff6d0d468aa (Unity) AssertImplementation
0x00007ff6d052782c (Unity) Internal_ADB_WorkerOnly_DomainReload
0x00007ff6d0a0f7d4 (Unity) WorkerDomainReloadV2
0x00007ff6d0a309e5 (Unity) <lambda_b37b41f03089e3cb3f55061bbc93253d>::operator()
0x00007ff6d0a6c212 (Unity) asio::detail::completion_handler<core::mutable_function<void __cdecl(void)>,asio::io_context::basic_executor_type<std::allocator<void>,0> >::do_complete
0x00007ff6d0a581be (Unity) asio::detail::win_iocp_io_context::do_one
0x00007ff6d0a59e24 (Unity) asio::detail::win_iocp_io_context::run
0x00007ff6d0a6a5bc (Unity) IOService::Run
0x00007ff6d0a3da1f (Unity) AssetImportWorkerClient::Run
0x00007ff6d0a09387 (Unity) RunAssetImportWorkerClientV2
0x00007ff6d0a0940b (Unity) RunAssetImporterV2
0x00007ff6d02004be (Unity) Application::InitializeProject
0x00007ff6d0695565 (Unity) WinMain
0x00007ff6d1a6003e (Unity) __scrt_common_main_seh
0x00007ff9fe1c7374 (KERNEL32) BaseThreadInitThunk
0x00007ff9ff5dcc91 (ntdll) RtlUserThreadStart

Begin MonoManager ReloadAssembly
Duplicate assembly 'Newtonsoft.Json.dll' with different versions detected, using 'Assets/Plugins/Newtonsoft.Json.dll, AssemblyName=Newtonsoft.Json, Version=13.0.0.0, Culture=neutral, PublicKeyToken=30ad4fe6b2a6aeed' and ignoring 'Packages/jillejr.newtonsoft.json-for-unity/Plugins/Newtonsoft.Json Editor/Newtonsoft.Json.dll, AssemblyName=Newtonsoft.Json, Version=10.0.0.0, Culture=neutral, PublicKeyToken=30ad4fe6b2a6aeed'.- Loaded All Assemblies, in  0.329 seconds
Native extension for WindowsStandalone target not found
Native extension for iOS target not found
Native extension for Android target not found
Mono: successfully reloaded assembly
[Package Manager] Server::EnsureServerProcessIsRunning -- launch failed, reason: Unity was launched with the -noUpm command-line argument
[Package Manager] UpmClient::Send -- Unable to send message (not connected to UPM process).
[Package Manager] Cannot connect to Unity Package Manager local server
- Finished resetting the current domain, in  0.730 seconds
Domain Reload Profiling: 1058ms
	BeginReloadAssembly (108ms)
		ExecutionOrderSort (0ms)
		DisableScriptedObjects (7ms)
		BackupInstance (0ms)
		ReleaseScriptingObjects (0ms)
		CreateAndSetChildDomain (26ms)
	RebuildCommonClasses (21ms)
	RebuildNativeTypeToScriptingClass (8ms)
	initialDomainReloadingComplete (17ms)
	LoadAllAssembliesAndSetupDomain (174ms)
		LoadAssemblies (201ms)
		RebuildTransferFunctionScriptingTraits (0ms)
		AnalyzeDomain (25ms)
			TypeCache.Refresh (9ms)
				TypeCache.ScanAssembly (2ms)
			ScanForSourceGeneratedMonoScriptInfo (8ms)
			ResolveRequiredComponents (7ms)
	FinalizeReload (730ms)
		ReleaseScriptCaches (0ms)
		RebuildScriptCaches (0ms)
		SetupLoadedEditorAssemblies (457ms)
			LogAssemblyErrors (0ms)
			InitializePlatformSupportModulesInManaged (18ms)
			SetLoadedEditorAssemblies (3ms)
			RefreshPlugins (0ms)
			BeforeProcessingInitializeOnLoad (47ms)
			ProcessInitializeOnLoadAttributes (368ms)
			ProcessInitializeOnLoadMethodAttributes (20ms)
			AfterProcessingInitializeOnLoad (1ms)
			EditorAssembliesLoaded (0ms)
		ExecutionOrderSort2 (0ms)
		AwakeInstancesAfterBackupRestoration (9ms)
Refreshing native plugins compatible for Editor in 9.01 ms, found 5 plugins.
Preloading 0 native plugins for Editor in 0.00 ms.
Unloading 4867 Unused Serialized files (Serialized files now loaded: 0)
Unloading 26 unused Assets / (32.6 KB). Loaded Objects now: 5392.
Memory consumption went from 160.8 MB to 160.8 MB.
Total: 2.580200 ms (FindLiveObjects: 0.188100 ms CreateObjectMapping: 0.104600 ms MarkObjects: 2.248800 ms  DeleteObjects: 0.038000 ms)

Prepare: number of updated asset objects reloaded= 0
AssetImportParameters requested are different than current active one (requested -> active):
  custom:scripting/monoscript/fileName/BattleArea.cs: eae37fa9d35c8b7d6c882f93f1d2150c -> 
  custom:container-demuxer-ogg: 62fdf1f143b41e24485cea50d1cbac27 -> 
  custom:video-decoder-ogg-theora: a1e56fd34408186e4bbccfd4996cb3dc -> 
  custom:framework-win-MediaFoundation: 216162199b28c13a410421893ffa2e32 -> 
  custom:CustomObjectIndexerAttribute: 9a22284fe3817be447336de3de66b15e -> 
  custom:container-demuxer-webm: 4f35f7cbe854078d1ac9338744f61a02 -> 
  custom:container-muxer-webm: aa71ff27fc2769a1b78a27578f13a17b -> 
  custom:video-decoder-webm-vp8: 9c59270c3fd7afecdb556c50c9e8de78 -> 
  custom:SearchIndexIgnoredProperties: e643bd26f0fe6173181afceb89e7c659 -> 
  custom:AudioImporter_EditorPlatform: d09bf68614088b80899f8185d706f6e7 -> 
  custom:scripting/monoscript/fileName/PlayerArmy.cs: 3d0da2ec2ee287c6c70132e7d29c2a26 -> 
  custom:video-encoder-webm-vp8: eb34c28f22e8b96e1ab97ce403110664 -> 
  custom:audio-decoder-ogg-vorbis: bf7c407c2cedff20999df2af8eb42d56 -> 
  custom:audio-encoder-webm-vorbis: bf7c407c2cedff20999df2af8eb42d56 -> 
  custom:scripting/precompiled-assembly-types:Assembly-CSharp: e5babaad3474c0fa4f3df4c9a56ee12b -> d51e5d31e13b4eb91ce062837d922ef9
========================================================================
Received Import Request.
  Time since last request: 22.386098 seconds.
  path: Assets/Script/Pojo/PlayerArmy.cs
  artifactKey: Guid(89513afe3b00c9e4fa45161db26f91ae) Importer(815301076,1909f56bfc062723c751e8b465ee728b)
Start importing Assets/Script/Pojo/PlayerArmy.cs using Guid(89513afe3b00c9e4fa45161db26f91ae) Importer(815301076,1909f56bfc062723c751e8b465ee728b) [PhysX] Initialized MultithreadedTaskDispatcher with 16 workers.
 -> (artifact id: '314c750f1daa77cfd13846f51508cccd') in 0.001751 seconds
Number of updated asset objects reloaded before import = 0
Number of asset objects unloaded after import = 0
========================================================================
Received Prepare
Caller must complete domain reload
0x00007ff6cf69238d (Unity) StackWalker::GetCurrentCallstack
0x00007ff6cf697469 (Unity) StackWalker::ShowCallstack
0x00007ff6d068a8c1 (Unity) GetStacktrace
0x00007ff6d0d46b6e (Unity) DebugStringToFile
0x00007ff6d0d468aa (Unity) AssertImplementation
0x00007ff6d052782c (Unity) Internal_ADB_WorkerOnly_DomainReload
0x00007ff6d0a0f7d4 (Unity) WorkerDomainReloadV2
0x00007ff6d0a309e5 (Unity) <lambda_b37b41f03089e3cb3f55061bbc93253d>::operator()
0x00007ff6d0a6c212 (Unity) asio::detail::completion_handler<core::mutable_function<void __cdecl(void)>,asio::io_context::basic_executor_type<std::allocator<void>,0> >::do_complete
0x00007ff6d0a581be (Unity) asio::detail::win_iocp_io_context::do_one
0x00007ff6d0a59e24 (Unity) asio::detail::win_iocp_io_context::run
0x00007ff6d0a6a5bc (Unity) IOService::Run
0x00007ff6d0a3da1f (Unity) AssetImportWorkerClient::Run
0x00007ff6d0a09387 (Unity) RunAssetImportWorkerClientV2
0x00007ff6d0a0940b (Unity) RunAssetImporterV2
0x00007ff6d02004be (Unity) Application::InitializeProject
0x00007ff6d0695565 (Unity) WinMain
0x00007ff6d1a6003e (Unity) __scrt_common_main_seh
0x00007ff9fe1c7374 (KERNEL32) BaseThreadInitThunk
0x00007ff9ff5dcc91 (ntdll) RtlUserThreadStart

Begin MonoManager ReloadAssembly
Duplicate assembly 'Newtonsoft.Json.dll' with different versions detected, using 'Assets/Plugins/Newtonsoft.Json.dll, AssemblyName=Newtonsoft.Json, Version=13.0.0.0, Culture=neutral, PublicKeyToken=30ad4fe6b2a6aeed' and ignoring 'Packages/jillejr.newtonsoft.json-for-unity/Plugins/Newtonsoft.Json Editor/Newtonsoft.Json.dll, AssemblyName=Newtonsoft.Json, Version=10.0.0.0, Culture=neutral, PublicKeyToken=30ad4fe6b2a6aeed'.- Loaded All Assemblies, in  0.364 seconds
Native extension for WindowsStandalone target not found
Native extension for iOS target not found
Native extension for Android target not found
Mono: successfully reloaded assembly
[Package Manager] Server::EnsureServerProcessIsRunning -- launch failed, reason: Unity was launched with the -noUpm command-line argument
[Package Manager] UpmClient::Send -- Unable to send message (not connected to UPM process).
[Package Manager] Cannot connect to Unity Package Manager local server
- Finished resetting the current domain, in  0.938 seconds
Domain Reload Profiling: 1301ms
	BeginReloadAssembly (110ms)
		ExecutionOrderSort (0ms)
		DisableScriptedObjects (7ms)
		BackupInstance (0ms)
		ReleaseScriptingObjects (0ms)
		CreateAndSetChildDomain (29ms)
	RebuildCommonClasses (20ms)
	RebuildNativeTypeToScriptingClass (7ms)
	initialDomainReloadingComplete (18ms)
	LoadAllAssembliesAndSetupDomain (207ms)
		LoadAssemblies (222ms)
		RebuildTransferFunctionScriptingTraits (0ms)
		AnalyzeDomain (38ms)
			TypeCache.Refresh (15ms)
				TypeCache.ScanAssembly (5ms)
			ScanForSourceGeneratedMonoScriptInfo (12ms)
			ResolveRequiredComponents (10ms)
	FinalizeReload (938ms)
		ReleaseScriptCaches (0ms)
		RebuildScriptCaches (0ms)
		SetupLoadedEditorAssemblies (549ms)
			LogAssemblyErrors (0ms)
			InitializePlatformSupportModulesInManaged (26ms)
			SetLoadedEditorAssemblies (5ms)
			RefreshPlugins (0ms)
			BeforeProcessingInitializeOnLoad (70ms)
			ProcessInitializeOnLoadAttributes (427ms)
			ProcessInitializeOnLoadMethodAttributes (20ms)
			AfterProcessingInitializeOnLoad (1ms)
			EditorAssembliesLoaded (0ms)
		ExecutionOrderSort2 (0ms)
		AwakeInstancesAfterBackupRestoration (9ms)
Refreshing native plugins compatible for Editor in 7.31 ms, found 5 plugins.
Preloading 0 native plugins for Editor in 0.00 ms.
Unloading 4866 Unused Serialized files (Serialized files now loaded: 0)
Unloading 26 unused Assets / (32.7 KB). Loaded Objects now: 5396.
Memory consumption went from 160.6 MB to 160.5 MB.
Total: 2.572900 ms (FindLiveObjects: 0.183600 ms CreateObjectMapping: 0.100800 ms MarkObjects: 2.251400 ms  DeleteObjects: 0.036300 ms)

Prepare: number of updated asset objects reloaded= 0
AssetImportParameters requested are different than current active one (requested -> active):
  custom:scripting/monoscript/fileName/BattleArea.cs: eae37fa9d35c8b7d6c882f93f1d2150c -> 
  custom:container-demuxer-ogg: 62fdf1f143b41e24485cea50d1cbac27 -> 
  custom:video-decoder-ogg-theora: a1e56fd34408186e4bbccfd4996cb3dc -> 
  custom:framework-win-MediaFoundation: 216162199b28c13a410421893ffa2e32 -> 
  custom:CustomObjectIndexerAttribute: 9a22284fe3817be447336de3de66b15e -> 
  custom:container-demuxer-webm: 4f35f7cbe854078d1ac9338744f61a02 -> 
  custom:container-muxer-webm: aa71ff27fc2769a1b78a27578f13a17b -> 
  custom:video-decoder-webm-vp8: 9c59270c3fd7afecdb556c50c9e8de78 -> 
  custom:SearchIndexIgnoredProperties: e643bd26f0fe6173181afceb89e7c659 -> 
  custom:AudioImporter_EditorPlatform: d09bf68614088b80899f8185d706f6e7 -> 
  custom:scripting/monoscript/fileName/PlayerArmy.cs: ce71fd821a923144d01ff2b4f6d29dbb -> 
  custom:video-encoder-webm-vp8: eb34c28f22e8b96e1ab97ce403110664 -> 
  custom:audio-decoder-ogg-vorbis: bf7c407c2cedff20999df2af8eb42d56 -> 
  custom:audio-encoder-webm-vorbis: bf7c407c2cedff20999df2af8eb42d56 -> 
  custom:scripting/precompiled-assembly-types:Assembly-CSharp: 9faeb6b44df2bcfac09f697f42317c1b -> d51e5d31e13b4eb91ce062837d922ef9
========================================================================
Received Prepare
Caller must complete domain reload
0x00007ff6cf69238d (Unity) StackWalker::GetCurrentCallstack
0x00007ff6cf697469 (Unity) StackWalker::ShowCallstack
0x00007ff6d068a8c1 (Unity) GetStacktrace
0x00007ff6d0d46b6e (Unity) DebugStringToFile
0x00007ff6d0d468aa (Unity) AssertImplementation
0x00007ff6d052782c (Unity) Internal_ADB_WorkerOnly_DomainReload
0x00007ff6d0a0f7d4 (Unity) WorkerDomainReloadV2
0x00007ff6d0a309e5 (Unity) <lambda_b37b41f03089e3cb3f55061bbc93253d>::operator()
0x00007ff6d0a6c212 (Unity) asio::detail::completion_handler<core::mutable_function<void __cdecl(void)>,asio::io_context::basic_executor_type<std::allocator<void>,0> >::do_complete
0x00007ff6d0a581be (Unity) asio::detail::win_iocp_io_context::do_one
0x00007ff6d0a59e24 (Unity) asio::detail::win_iocp_io_context::run
0x00007ff6d0a6a5bc (Unity) IOService::Run
0x00007ff6d0a3da1f (Unity) AssetImportWorkerClient::Run
0x00007ff6d0a09387 (Unity) RunAssetImportWorkerClientV2
0x00007ff6d0a0940b (Unity) RunAssetImporterV2
0x00007ff6d02004be (Unity) Application::InitializeProject
0x00007ff6d0695565 (Unity) WinMain
0x00007ff6d1a6003e (Unity) __scrt_common_main_seh
0x00007ff9fe1c7374 (KERNEL32) BaseThreadInitThunk
0x00007ff9ff5dcc91 (ntdll) RtlUserThreadStart

Begin MonoManager ReloadAssembly
Duplicate assembly 'Newtonsoft.Json.dll' with different versions detected, using 'Assets/Plugins/Newtonsoft.Json.dll, AssemblyName=Newtonsoft.Json, Version=13.0.0.0, Culture=neutral, PublicKeyToken=30ad4fe6b2a6aeed' and ignoring 'Packages/jillejr.newtonsoft.json-for-unity/Plugins/Newtonsoft.Json Editor/Newtonsoft.Json.dll, AssemblyName=Newtonsoft.Json, Version=10.0.0.0, Culture=neutral, PublicKeyToken=30ad4fe6b2a6aeed'.- Loaded All Assemblies, in  0.380 seconds
Native extension for WindowsStandalone target not found
Native extension for iOS target not found
Native extension for Android target not found
Mono: successfully reloaded assembly
[Package Manager] Server::EnsureServerProcessIsRunning -- launch failed, reason: Unity was launched with the -noUpm command-line argument
[Package Manager] UpmClient::Send -- Unable to send message (not connected to UPM process).
[Package Manager] Cannot connect to Unity Package Manager local server
- Finished resetting the current domain, in  0.769 seconds
Domain Reload Profiling: 1148ms
	BeginReloadAssembly (113ms)
		ExecutionOrderSort (0ms)
		DisableScriptedObjects (9ms)
		BackupInstance (0ms)
		ReleaseScriptingObjects (0ms)
		CreateAndSetChildDomain (26ms)
	RebuildCommonClasses (26ms)
	RebuildNativeTypeToScriptingClass (7ms)
	initialDomainReloadingComplete (17ms)
	LoadAllAssembliesAndSetupDomain (215ms)
		LoadAssemblies (243ms)
		RebuildTransferFunctionScriptingTraits (0ms)
		AnalyzeDomain (28ms)
			TypeCache.Refresh (9ms)
				TypeCache.ScanAssembly (2ms)
			ScanForSourceGeneratedMonoScriptInfo (8ms)
			ResolveRequiredComponents (10ms)
	FinalizeReload (769ms)
		ReleaseScriptCaches (0ms)
		RebuildScriptCaches (0ms)
		SetupLoadedEditorAssemblies (485ms)
			LogAssemblyErrors (0ms)
			InitializePlatformSupportModulesInManaged (20ms)
			SetLoadedEditorAssemblies (3ms)
			RefreshPlugins (0ms)
			BeforeProcessingInitializeOnLoad (56ms)
			ProcessInitializeOnLoadAttributes (385ms)
			ProcessInitializeOnLoadMethodAttributes (19ms)
			AfterProcessingInitializeOnLoad (2ms)
			EditorAssembliesLoaded (0ms)
		ExecutionOrderSort2 (0ms)
		AwakeInstancesAfterBackupRestoration (10ms)
Refreshing native plugins compatible for Editor in 8.42 ms, found 5 plugins.
Preloading 0 native plugins for Editor in 0.00 ms.
Unloading 4866 Unused Serialized files (Serialized files now loaded: 0)
Unloading 27 unused Assets / (33.1 KB). Loaded Objects now: 5399.
Memory consumption went from 160.8 MB to 160.8 MB.
Total: 2.675900 ms (FindLiveObjects: 0.223400 ms CreateObjectMapping: 0.179800 ms MarkObjects: 2.234300 ms  DeleteObjects: 0.037600 ms)

Prepare: number of updated asset objects reloaded= 0
AssetImportParameters requested are different than current active one (requested -> active):
  custom:scripting/monoscript/fileName/BattleArea.cs: eae37fa9d35c8b7d6c882f93f1d2150c -> 
  custom:container-demuxer-ogg: 62fdf1f143b41e24485cea50d1cbac27 -> 
  custom:video-decoder-ogg-theora: a1e56fd34408186e4bbccfd4996cb3dc -> 
  custom:framework-win-MediaFoundation: 216162199b28c13a410421893ffa2e32 -> 
  custom:CustomObjectIndexerAttribute: 9a22284fe3817be447336de3de66b15e -> 
  custom:container-demuxer-webm: 4f35f7cbe854078d1ac9338744f61a02 -> 
  custom:container-muxer-webm: aa71ff27fc2769a1b78a27578f13a17b -> 
  custom:video-decoder-webm-vp8: 9c59270c3fd7afecdb556c50c9e8de78 -> 
  custom:SearchIndexIgnoredProperties: e643bd26f0fe6173181afceb89e7c659 -> 
  custom:AudioImporter_EditorPlatform: d09bf68614088b80899f8185d706f6e7 -> 
  custom:scripting/monoscript/fileName/PlayerArmy.cs: ce71fd821a923144d01ff2b4f6d29dbb -> 
  custom:video-encoder-webm-vp8: eb34c28f22e8b96e1ab97ce403110664 -> 
  custom:audio-decoder-ogg-vorbis: bf7c407c2cedff20999df2af8eb42d56 -> 
  custom:audio-encoder-webm-vorbis: bf7c407c2cedff20999df2af8eb42d56 -> 
  custom:scripting/precompiled-assembly-types:Assembly-CSharp: 3df43eca9084e7b5b0adbd595fea7179 -> d51e5d31e13b4eb91ce062837d922ef9
========================================================================
Received Prepare
Caller must complete domain reload
0x00007ff6cf69238d (Unity) StackWalker::GetCurrentCallstack
0x00007ff6cf697469 (Unity) StackWalker::ShowCallstack
0x00007ff6d068a8c1 (Unity) GetStacktrace
0x00007ff6d0d46b6e (Unity) DebugStringToFile
0x00007ff6d0d468aa (Unity) AssertImplementation
0x00007ff6d052782c (Unity) Internal_ADB_WorkerOnly_DomainReload
0x00007ff6d0a0f7d4 (Unity) WorkerDomainReloadV2
0x00007ff6d0a309e5 (Unity) <lambda_b37b41f03089e3cb3f55061bbc93253d>::operator()
0x00007ff6d0a6c212 (Unity) asio::detail::completion_handler<core::mutable_function<void __cdecl(void)>,asio::io_context::basic_executor_type<std::allocator<void>,0> >::do_complete
0x00007ff6d0a581be (Unity) asio::detail::win_iocp_io_context::do_one
0x00007ff6d0a59e24 (Unity) asio::detail::win_iocp_io_context::run
0x00007ff6d0a6a5bc (Unity) IOService::Run
0x00007ff6d0a3da1f (Unity) AssetImportWorkerClient::Run
0x00007ff6d0a09387 (Unity) RunAssetImportWorkerClientV2
0x00007ff6d0a0940b (Unity) RunAssetImporterV2
0x00007ff6d02004be (Unity) Application::InitializeProject
0x00007ff6d0695565 (Unity) WinMain
0x00007ff6d1a6003e (Unity) __scrt_common_main_seh
0x00007ff9fe1c7374 (KERNEL32) BaseThreadInitThunk
0x00007ff9ff5dcc91 (ntdll) RtlUserThreadStart

Begin MonoManager ReloadAssembly
Duplicate assembly 'Newtonsoft.Json.dll' with different versions detected, using 'Assets/Plugins/Newtonsoft.Json.dll, AssemblyName=Newtonsoft.Json, Version=13.0.0.0, Culture=neutral, PublicKeyToken=30ad4fe6b2a6aeed' and ignoring 'Packages/jillejr.newtonsoft.json-for-unity/Plugins/Newtonsoft.Json Editor/Newtonsoft.Json.dll, AssemblyName=Newtonsoft.Json, Version=10.0.0.0, Culture=neutral, PublicKeyToken=30ad4fe6b2a6aeed'.- Loaded All Assemblies, in  0.391 seconds
Native extension for WindowsStandalone target not found
Native extension for iOS target not found
Native extension for Android target not found
System.IO.IOException: Sharing violation on path E:\unitGame\mine\ProjectSettings\GvhProjectSettings.xml
  at System.IO.FileStream..ctor (System.String path, System.IO.FileMode mode, System.IO.FileAccess access, System.IO.FileShare share, System.Int32 bufferSize, System.Boolean anonymous, System.IO.FileOptions options) [0x0019e] in <de920293e401402ab375ad8a2e1b19da>:0 
  at System.IO.FileStream..ctor (System.String path, System.IO.FileMode mode, System.IO.FileAccess access, System.IO.FileShare share, System.Int32 bufferSize, System.IO.FileOptions options) [0x00000] in <de920293e401402ab375ad8a2e1b19da>:0 
  at (wrapper remoting-invoke-with-check) System.IO.FileStream..ctor(string,System.IO.FileMode,System.IO.FileAccess,System.IO.FileShare,int,System.IO.FileOptions)
  at System.IO.StreamReader..ctor (System.String path, System.Text.Encoding encoding, System.Boolean detectEncodingFromByteOrderMarks, System.Int32 bufferSize) [0x00055] in <de920293e401402ab375ad8a2e1b19da>:0 
  at System.IO.StreamReader..ctor (System.String path, System.Boolean detectEncodingFromByteOrderMarks) [0x00007] in <de920293e401402ab375ad8a2e1b19da>:0 
  at System.IO.StreamReader..ctor (System.String path) [0x00000] in <de920293e401402ab375ad8a2e1b19da>:0 
  at (wrapper remoting-invoke-with-check) System.IO.StreamReader..ctor(string)
  at Google.XmlUtilities.ParseXmlTextFileElements (System.String filename, Google.Logger logger, Google.XmlUtilities+ParseElement parseElement) [0x00018] in /Users/amaurice/Documents/GitHub/unity-jar-resolver/source/VersionHandlerImpl/src/XmlUtilities.cs:104 
  at Google.ProjectSettings.Load () [0x00016] in /Users/amaurice/Documents/GitHub/unity-jar-resolver/source/VersionHandlerImpl/src/ProjectSettings.cs:777 
  at Google.ProjectSettings.LoadIfEmpty () [0x00023] in /Users/amaurice/Documents/GitHub/unity-jar-resolver/source/VersionHandlerImpl/src/ProjectSettings.cs:558 
  at Google.ProjectSettings.GetBool (System.String name, System.Boolean defaultValue, Google.SettingsLocation location) [0x00035] in /Users/amaurice/Documents/GitHub/unity-jar-resolver/source/VersionHandlerImpl/src/ProjectSettings.cs:606 
  at Google.ProjectSettings.GetBool (System.String name, System.Boolean defaultValue) [0x00001] in /Users/amaurice/Documents/GitHub/unity-jar-resolver/source/VersionHandlerImpl/src/ProjectSettings.cs:619 
  at Google.IOSResolver.get_VerboseLoggingEnabled () [0x00001] in /Users/amaurice/Documents/GitHub/unity-jar-resolver/source/IOSResolver/src/IOSResolver.cs:1039 
  at Google.IOSResolver..cctor () [0x00223] in /Users/amaurice/Documents/GitHub/unity-jar-resolver/source/IOSResolver/src/IOSResolver.cs:727 
0x00007ff6cf69238d (Unity) StackWalker::GetCurrentCallstack
0x00007ff6cf697469 (Unity) StackWalker::ShowCallstack
0x00007ff6d068a8c1 (Unity) GetStacktrace
0x00007ff6d0d46b6e (Unity) DebugStringToFile
0x00007ff6ce5d6618 (Unity) DebugLogHandler_CUSTOM_Internal_Log
0x0000027e09723903 (Mono JIT Code) (wrapper managed-to-native) UnityEngine.DebugLogHandler:Internal_Log (UnityEngine.LogType,UnityEngine.LogOption,string,UnityEngine.Object)
0x0000027e0972372b (Mono JIT Code) UnityEngine.DebugLogHandler:LogFormat (UnityEngine.LogType,UnityEngine.Object,string,object[])
0x0000027e09720f20 (Mono JIT Code) UnityEngine.Logger:Log (UnityEngine.LogType,object)
0x0000027e09720de5 (Mono JIT Code) UnityEngine.Debug:LogError (object)
0x0000027e19f9098b (Mono JIT Code) UnityEditor.EditorAssemblies:ProcessInitializeOnLoadAttributes (System.Type[])
0x0000027e02cbfcd8 (Mono JIT Code) (wrapper runtime-invoke) <Module>:runtime_invoke_void_object (object,intptr,intptr,intptr)
0x00007ff9926e4c7e (mono-2.0-bdwgc) mono_jit_runtime_invoke (at C:/build/output/Unity-Technologies/mono/mono/mini/mini-runtime.c:3445)
0x00007ff99261d284 (mono-2.0-bdwgc) do_runtime_invoke (at C:/build/output/Unity-Technologies/mono/mono/metadata/object.c:3068)
0x00007ff99261d3fc (mono-2.0-bdwgc) mono_runtime_invoke (at C:/build/output/Unity-Technologies/mono/mono/metadata/object.c:3115)
0x00007ff6cf5aa8d4 (Unity) scripting_method_invoke
0x00007ff6cf5871f4 (Unity) ScriptingInvocation::Invoke
0x00007ff6cf581d15 (Unity) ScriptingInvocation::Invoke<void>
0x00007ff6cf6d44f3 (Unity) Scripting::UnityEditor::EditorAssembliesProxy::ProcessInitializeOnLoadAttributes
0x00007ff6cf57bbc8 (Unity) MonoManager::SetupLoadedEditorAssemblies
0x00007ff6cf571a44 (Unity) MonoManager::FinalizeReload
0x00007ff6cf579209 (Unity) MonoManager::ReloadAssembly
0x00007ff6d052799b (Unity) LoadDomainAndUserAssemblies
0x00007ff6d0a0f7d4 (Unity) WorkerDomainReloadV2
0x00007ff6d0a309e5 (Unity) <lambda_b37b41f03089e3cb3f55061bbc93253d>::operator()
0x00007ff6d0a6c212 (Unity) asio::detail::completion_handler<core::mutable_function<void __cdecl(void)>,asio::io_context::basic_executor_type<std::allocator<void>,0> >::do_complete
0x00007ff6d0a581be (Unity) asio::detail::win_iocp_io_context::do_one
0x00007ff6d0a59e24 (Unity) asio::detail::win_iocp_io_context::run
0x00007ff6d0a6a5bc (Unity) IOService::Run
0x00007ff6d0a3da1f (Unity) AssetImportWorkerClient::Run
0x00007ff6d0a09387 (Unity) RunAssetImportWorkerClientV2
0x00007ff6d0a0940b (Unity) RunAssetImporterV2
0x00007ff6d02004be (Unity) Application::InitializeProject
0x00007ff6d0695565 (Unity) WinMain
0x00007ff6d1a6003e (Unity) __scrt_common_main_seh
0x00007ff9fe1c7374 (KERNEL32) BaseThreadInitThunk
0x00007ff9ff5dcc91 (ntdll) RtlUserThreadStart

Mono: successfully reloaded assembly
[Package Manager] Server::EnsureServerProcessIsRunning -- launch failed, reason: Unity was launched with the -noUpm command-line argument
[Package Manager] UpmClient::Send -- Unable to send message (not connected to UPM process).
[Package Manager] Cannot connect to Unity Package Manager local server
- Finished resetting the current domain, in  0.866 seconds
Domain Reload Profiling: 1256ms
	BeginReloadAssembly (112ms)
		ExecutionOrderSort (0ms)
		DisableScriptedObjects (7ms)
		BackupInstance (0ms)
		ReleaseScriptingObjects (0ms)
		CreateAndSetChildDomain (25ms)
	RebuildCommonClasses (32ms)
	RebuildNativeTypeToScriptingClass (9ms)
	initialDomainReloadingComplete (22ms)
	LoadAllAssembliesAndSetupDomain (215ms)
		LoadAssemblies (248ms)
		RebuildTransferFunctionScriptingTraits (0ms)
		AnalyzeDomain (24ms)
			TypeCache.Refresh (9ms)
				TypeCache.ScanAssembly (2ms)
			ScanForSourceGeneratedMonoScriptInfo (8ms)
			ResolveRequiredComponents (7ms)
	FinalizeReload (866ms)
		ReleaseScriptCaches (0ms)
		RebuildScriptCaches (0ms)
		SetupLoadedEditorAssemblies (555ms)
			LogAssemblyErrors (0ms)
			InitializePlatformSupportModulesInManaged (19ms)
			SetLoadedEditorAssemblies (4ms)
			RefreshPlugins (0ms)
			BeforeProcessingInitializeOnLoad (60ms)
			ProcessInitializeOnLoadAttributes (449ms)
			ProcessInitializeOnLoadMethodAttributes (21ms)
			AfterProcessingInitializeOnLoad (1ms)
			EditorAssembliesLoaded (0ms)
		ExecutionOrderSort2 (0ms)
		AwakeInstancesAfterBackupRestoration (9ms)
Refreshing native plugins compatible for Editor in 6.85 ms, found 5 plugins.
Preloading 0 native plugins for Editor in 0.00 ms.
Unloading 4865 Unused Serialized files (Serialized files now loaded: 0)
Unloading 27 unused Assets / (34.2 KB). Loaded Objects now: 5402.
Memory consumption went from 160.8 MB to 160.8 MB.
Total: 2.538100 ms (FindLiveObjects: 0.198100 ms CreateObjectMapping: 0.113400 ms MarkObjects: 2.187700 ms  DeleteObjects: 0.038200 ms)

Prepare: number of updated asset objects reloaded= 0
AssetImportParameters requested are different than current active one (requested -> active):
  custom:scripting/monoscript/fileName/BattleArea.cs: eae37fa9d35c8b7d6c882f93f1d2150c -> 
  custom:container-demuxer-ogg: 62fdf1f143b41e24485cea50d1cbac27 -> 
  custom:video-decoder-ogg-theora: a1e56fd34408186e4bbccfd4996cb3dc -> 
  custom:framework-win-MediaFoundation: 216162199b28c13a410421893ffa2e32 -> 
  custom:CustomObjectIndexerAttribute: 9a22284fe3817be447336de3de66b15e -> 
  custom:container-demuxer-webm: 4f35f7cbe854078d1ac9338744f61a02 -> 
  custom:container-muxer-webm: aa71ff27fc2769a1b78a27578f13a17b -> 
  custom:video-decoder-webm-vp8: 9c59270c3fd7afecdb556c50c9e8de78 -> 
  custom:SearchIndexIgnoredProperties: e643bd26f0fe6173181afceb89e7c659 -> 
  custom:AudioImporter_EditorPlatform: d09bf68614088b80899f8185d706f6e7 -> 
  custom:scripting/monoscript/fileName/PlayerArmy.cs: ce71fd821a923144d01ff2b4f6d29dbb -> 
  custom:video-encoder-webm-vp8: eb34c28f22e8b96e1ab97ce403110664 -> 
  custom:audio-decoder-ogg-vorbis: bf7c407c2cedff20999df2af8eb42d56 -> 
  custom:audio-encoder-webm-vorbis: bf7c407c2cedff20999df2af8eb42d56 -> 
========================================================================
Received Prepare
Caller must complete domain reload
0x00007ff6cf69238d (Unity) StackWalker::GetCurrentCallstack
0x00007ff6cf697469 (Unity) StackWalker::ShowCallstack
0x00007ff6d068a8c1 (Unity) GetStacktrace
0x00007ff6d0d46b6e (Unity) DebugStringToFile
0x00007ff6d0d468aa (Unity) AssertImplementation
0x00007ff6d052782c (Unity) Internal_ADB_WorkerOnly_DomainReload
0x00007ff6d0a0f7d4 (Unity) WorkerDomainReloadV2
0x00007ff6d0a309e5 (Unity) <lambda_b37b41f03089e3cb3f55061bbc93253d>::operator()
0x00007ff6d0a6c212 (Unity) asio::detail::completion_handler<core::mutable_function<void __cdecl(void)>,asio::io_context::basic_executor_type<std::allocator<void>,0> >::do_complete
0x00007ff6d0a581be (Unity) asio::detail::win_iocp_io_context::do_one
0x00007ff6d0a59e24 (Unity) asio::detail::win_iocp_io_context::run
0x00007ff6d0a6a5bc (Unity) IOService::Run
0x00007ff6d0a3da1f (Unity) AssetImportWorkerClient::Run
0x00007ff6d0a09387 (Unity) RunAssetImportWorkerClientV2
0x00007ff6d0a0940b (Unity) RunAssetImporterV2
0x00007ff6d02004be (Unity) Application::InitializeProject
0x00007ff6d0695565 (Unity) WinMain
0x00007ff6d1a6003e (Unity) __scrt_common_main_seh
0x00007ff9fe1c7374 (KERNEL32) BaseThreadInitThunk
0x00007ff9ff5dcc91 (ntdll) RtlUserThreadStart

Begin MonoManager ReloadAssembly
Duplicate assembly 'Newtonsoft.Json.dll' with different versions detected, using 'Assets/Plugins/Newtonsoft.Json.dll, AssemblyName=Newtonsoft.Json, Version=13.0.0.0, Culture=neutral, PublicKeyToken=30ad4fe6b2a6aeed' and ignoring 'Packages/jillejr.newtonsoft.json-for-unity/Plugins/Newtonsoft.Json Editor/Newtonsoft.Json.dll, AssemblyName=Newtonsoft.Json, Version=10.0.0.0, Culture=neutral, PublicKeyToken=30ad4fe6b2a6aeed'.- Loaded All Assemblies, in  0.409 seconds
Native extension for WindowsStandalone target not found
Native extension for iOS target not found
Native extension for Android target not found
Mono: successfully reloaded assembly
[Package Manager] Server::EnsureServerProcessIsRunning -- launch failed, reason: Unity was launched with the -noUpm command-line argument
[Package Manager] UpmClient::Send -- Unable to send message (not connected to UPM process).
[Package Manager] Cannot connect to Unity Package Manager local server
- Finished resetting the current domain, in  0.889 seconds
Domain Reload Profiling: 1297ms
	BeginReloadAssembly (105ms)
		ExecutionOrderSort (0ms)
		DisableScriptedObjects (7ms)
		BackupInstance (0ms)
		ReleaseScriptingObjects (0ms)
		CreateAndSetChildDomain (25ms)
	RebuildCommonClasses (20ms)
	RebuildNativeTypeToScriptingClass (7ms)
	initialDomainReloadingComplete (18ms)
	LoadAllAssembliesAndSetupDomain (258ms)
		LoadAssemblies (268ms)
		RebuildTransferFunctionScriptingTraits (0ms)
		AnalyzeDomain (43ms)
			TypeCache.Refresh (16ms)
				TypeCache.ScanAssembly (4ms)
			ScanForSourceGeneratedMonoScriptInfo (13ms)
			ResolveRequiredComponents (12ms)
	FinalizeReload (889ms)
		ReleaseScriptCaches (0ms)
		RebuildScriptCaches (0ms)
		SetupLoadedEditorAssemblies (500ms)
			LogAssemblyErrors (0ms)
			InitializePlatformSupportModulesInManaged (22ms)
			SetLoadedEditorAssemblies (3ms)
			RefreshPlugins (0ms)
			BeforeProcessingInitializeOnLoad (49ms)
			ProcessInitializeOnLoadAttributes (405ms)
			ProcessInitializeOnLoadMethodAttributes (20ms)
			AfterProcessingInitializeOnLoad (2ms)
			EditorAssembliesLoaded (0ms)
		ExecutionOrderSort2 (0ms)
		AwakeInstancesAfterBackupRestoration (9ms)
Refreshing native plugins compatible for Editor in 9.94 ms, found 5 plugins.
Preloading 0 native plugins for Editor in 0.00 ms.
Unloading 4865 Unused Serialized files (Serialized files now loaded: 0)
Unloading 26 unused Assets / (32.7 KB). Loaded Objects now: 5406.
Memory consumption went from 160.8 MB to 160.8 MB.
Total: 2.599500 ms (FindLiveObjects: 0.187100 ms CreateObjectMapping: 0.107500 ms MarkObjects: 2.252100 ms  DeleteObjects: 0.052000 ms)

Prepare: number of updated asset objects reloaded= 0
AssetImportParameters requested are different than current active one (requested -> active):
  custom:scripting/monoscript/fileName/BattleArea.cs: eae37fa9d35c8b7d6c882f93f1d2150c -> 
  custom:container-demuxer-ogg: 62fdf1f143b41e24485cea50d1cbac27 -> 
  custom:video-decoder-ogg-theora: a1e56fd34408186e4bbccfd4996cb3dc -> 
  custom:framework-win-MediaFoundation: 216162199b28c13a410421893ffa2e32 -> 
  custom:CustomObjectIndexerAttribute: 9a22284fe3817be447336de3de66b15e -> 
  custom:container-demuxer-webm: 4f35f7cbe854078d1ac9338744f61a02 -> 
  custom:container-muxer-webm: aa71ff27fc2769a1b78a27578f13a17b -> 
  custom:video-decoder-webm-vp8: 9c59270c3fd7afecdb556c50c9e8de78 -> 
  custom:SearchIndexIgnoredProperties: e643bd26f0fe6173181afceb89e7c659 -> 
  custom:AudioImporter_EditorPlatform: d09bf68614088b80899f8185d706f6e7 -> 
  custom:scripting/monoscript/fileName/PlayerArmy.cs: ce71fd821a923144d01ff2b4f6d29dbb -> 
  custom:video-encoder-webm-vp8: eb34c28f22e8b96e1ab97ce403110664 -> 
  custom:audio-decoder-ogg-vorbis: bf7c407c2cedff20999df2af8eb42d56 -> 
  custom:audio-encoder-webm-vorbis: bf7c407c2cedff20999df2af8eb42d56 -> 
========================================================================
Received Prepare
Caller must complete domain reload
0x00007ff6cf69238d (Unity) StackWalker::GetCurrentCallstack
0x00007ff6cf697469 (Unity) StackWalker::ShowCallstack
0x00007ff6d068a8c1 (Unity) GetStacktrace
0x00007ff6d0d46b6e (Unity) DebugStringToFile
0x00007ff6d0d468aa (Unity) AssertImplementation
0x00007ff6d052782c (Unity) Internal_ADB_WorkerOnly_DomainReload
0x00007ff6d0a0f7d4 (Unity) WorkerDomainReloadV2
0x00007ff6d0a309e5 (Unity) <lambda_b37b41f03089e3cb3f55061bbc93253d>::operator()
0x00007ff6d0a6c212 (Unity) asio::detail::completion_handler<core::mutable_function<void __cdecl(void)>,asio::io_context::basic_executor_type<std::allocator<void>,0> >::do_complete
0x00007ff6d0a581be (Unity) asio::detail::win_iocp_io_context::do_one
0x00007ff6d0a59e24 (Unity) asio::detail::win_iocp_io_context::run
0x00007ff6d0a6a5bc (Unity) IOService::Run
0x00007ff6d0a3da1f (Unity) AssetImportWorkerClient::Run
0x00007ff6d0a09387 (Unity) RunAssetImportWorkerClientV2
0x00007ff6d0a0940b (Unity) RunAssetImporterV2
0x00007ff6d02004be (Unity) Application::InitializeProject
0x00007ff6d0695565 (Unity) WinMain
0x00007ff6d1a6003e (Unity) __scrt_common_main_seh
0x00007ff9fe1c7374 (KERNEL32) BaseThreadInitThunk
0x00007ff9ff5dcc91 (ntdll) RtlUserThreadStart

Begin MonoManager ReloadAssembly
Duplicate assembly 'Newtonsoft.Json.dll' with different versions detected, using 'Assets/Plugins/Newtonsoft.Json.dll, AssemblyName=Newtonsoft.Json, Version=13.0.0.0, Culture=neutral, PublicKeyToken=30ad4fe6b2a6aeed' and ignoring 'Packages/jillejr.newtonsoft.json-for-unity/Plugins/Newtonsoft.Json Editor/Newtonsoft.Json.dll, AssemblyName=Newtonsoft.Json, Version=10.0.0.0, Culture=neutral, PublicKeyToken=30ad4fe6b2a6aeed'.- Loaded All Assemblies, in  0.335 seconds
Native extension for WindowsStandalone target not found
Native extension for iOS target not found
Native extension for Android target not found
Mono: successfully reloaded assembly
[Package Manager] Server::EnsureServerProcessIsRunning -- launch failed, reason: Unity was launched with the -noUpm command-line argument
[Package Manager] UpmClient::Send -- Unable to send message (not connected to UPM process).
[Package Manager] Cannot connect to Unity Package Manager local server
- Finished resetting the current domain, in  0.898 seconds
Domain Reload Profiling: 1233ms
	BeginReloadAssembly (110ms)
		ExecutionOrderSort (0ms)
		DisableScriptedObjects (7ms)
		BackupInstance (0ms)
		ReleaseScriptingObjects (0ms)
		CreateAndSetChildDomain (25ms)
	RebuildCommonClasses (27ms)
	RebuildNativeTypeToScriptingClass (8ms)
	initialDomainReloadingComplete (18ms)
	LoadAllAssembliesAndSetupDomain (172ms)
		LoadAssemblies (212ms)
		RebuildTransferFunctionScriptingTraits (0ms)
		AnalyzeDomain (12ms)
			TypeCache.Refresh (5ms)
				TypeCache.ScanAssembly (0ms)
			ScanForSourceGeneratedMonoScriptInfo (0ms)
			ResolveRequiredComponents (7ms)
	FinalizeReload (898ms)
		ReleaseScriptCaches (0ms)
		RebuildScriptCaches (0ms)
		SetupLoadedEditorAssemblies (615ms)
			LogAssemblyErrors (0ms)
			InitializePlatformSupportModulesInManaged (21ms)
			SetLoadedEditorAssemblies (4ms)
			RefreshPlugins (0ms)
			BeforeProcessingInitializeOnLoad (65ms)
			ProcessInitializeOnLoadAttributes (503ms)
			ProcessInitializeOnLoadMethodAttributes (20ms)
			AfterProcessingInitializeOnLoad (1ms)
			EditorAssembliesLoaded (0ms)
		ExecutionOrderSort2 (0ms)
		AwakeInstancesAfterBackupRestoration (9ms)
Refreshing native plugins compatible for Editor in 8.27 ms, found 5 plugins.
Preloading 0 native plugins for Editor in 0.00 ms.
Unloading 4865 Unused Serialized files (Serialized files now loaded: 0)
Unloading 26 unused Assets / (32.7 KB). Loaded Objects now: 5410.
Memory consumption went from 160.8 MB to 160.8 MB.
Total: 2.563000 ms (FindLiveObjects: 0.184900 ms CreateObjectMapping: 0.104800 ms MarkObjects: 2.236400 ms  DeleteObjects: 0.036100 ms)

Prepare: number of updated asset objects reloaded= 0
AssetImportParameters requested are different than current active one (requested -> active):
  custom:scripting/monoscript/fileName/BattleArea.cs: eae37fa9d35c8b7d6c882f93f1d2150c -> 
  custom:container-demuxer-ogg: 62fdf1f143b41e24485cea50d1cbac27 -> 
  custom:video-decoder-ogg-theora: a1e56fd34408186e4bbccfd4996cb3dc -> 
  custom:framework-win-MediaFoundation: 216162199b28c13a410421893ffa2e32 -> 
  custom:CustomObjectIndexerAttribute: 9a22284fe3817be447336de3de66b15e -> 
  custom:container-demuxer-webm: 4f35f7cbe854078d1ac9338744f61a02 -> 
  custom:container-muxer-webm: aa71ff27fc2769a1b78a27578f13a17b -> 
  custom:video-decoder-webm-vp8: 9c59270c3fd7afecdb556c50c9e8de78 -> 
  custom:SearchIndexIgnoredProperties: e643bd26f0fe6173181afceb89e7c659 -> 
  custom:AudioImporter_EditorPlatform: d09bf68614088b80899f8185d706f6e7 -> 
  custom:scripting/monoscript/fileName/PlayerArmy.cs: ce71fd821a923144d01ff2b4f6d29dbb -> 
  custom:video-encoder-webm-vp8: eb34c28f22e8b96e1ab97ce403110664 -> 
  custom:audio-decoder-ogg-vorbis: bf7c407c2cedff20999df2af8eb42d56 -> 
  custom:audio-encoder-webm-vorbis: bf7c407c2cedff20999df2af8eb42d56 -> 
